<?xml version="1.0" encoding="UTF-8"?>
<!-- Generated by org.testng.reporters.JUnitReportReporter -->
<testsuite hostname="VINU" name="Test.TestSet2" tests="2" failures="0" timestamp="17 May 2015 21:06:42 GMT" time="0.000" errors="0">
  <testcase name="TC_1" time="0.000" classname="Test.TestSet2"/>
  <testcase name="TC_02" time="0.000" classname="Test.TestSet2"/>
</testsuite> <!-- Test.TestSet2 -->
